2014/09/12 20:44:42 にビルドを開始しました。
     1>ノード 2 上のプロジェクト "F:\Meijin4\C++\Mogitter\Mogitter\Mogitter.vcxproj" (Build ターゲット)。
     1>ClCompile:
         C:\Program Files\Microsoft Visual Studio 11.0\VC\bin\CL.exe /c /AI"C:\Program Files\Reference Assemblies\Microsoft\Framework\.NETFramework\v4.0" /AI"C:\Program Files\Windows Kits\8.0\References\CommonConfiguration\Neutral" /AI"F:\Meijin4\C++\Azuki-1.7.11-bin" /Zi /clr:pure /nologo /W3 /WX- /O1 /Os /Oy- /D WIN32 /D _DEBUG /D _UNICODE /D UNICODE /EHa /MDd /GS /fp:precise /Zc:wchar_t /Zc:forScope /Yc"stdafx.h" /Fp"Debug\MogiMeijin.pch" /Fo"Debug\\" /Fd"Debug\vc110.pdb" /TP /FU"F:\Meijin4\C++\Azuki-1.7.11-bin\Azuki.dll" /FU"F:\Meijin4\C++\Azuki-1.7.11-bin\Azuki.dll" /FU"C:\Program Files\Reference Assemblies\Microsoft\Framework\.NETFramework\v4.0\Microsoft.VisualBasic.dll" /FU"C:\Program Files\Reference Assemblies\Microsoft\VBPowerPacks\v10.0\Microsoft.VisualBasic.PowerPacks.Vs.dll" /FU"C:\Program Files\Reference Assemblies\Microsoft\Framework\.NETFramework\v4.0\mscorlib.dll" /FU"C:\Program Files\Reference Assemblies\Microsoft\Framework\.NETFramework\v4.0\PresentationCore.dll" /FU"C:\Program Files\Reference Assemblies\Microsoft\Framework\.NETFramework\v4.0\PresentationFramework.dll" /FU"C:\Program Files\Reference Assemblies\Microsoft\Framework\.NETFramework\v4.0\System.Configuration.Install.dll" /FU"C:\Program Files\Reference Assemblies\Microsoft\Framework\.NETFramework\v4.0\System.Data.dll" /FU"C:\Program Files\Reference Assemblies\Microsoft\Framework\.NETFramework\v4.0\System.dll" /FU"C:\Program Files\Reference Assemblies\Microsoft\Framework\.NETFramework\v4.0\System.Drawing.dll" /FU"C:\Program Files\Reference Assemblies\Microsoft\Framework\.NETFramework\v4.0\System.Windows.Forms.dll" /FU"C:\Program Files\Reference Assemblies\Microsoft\Framework\.NETFramework\v4.0\System.Xaml.dll" /FU"C:\Program Files\Reference Assemblies\Microsoft\Framework\.NETFramework\v4.0\System.Xml.dll" /FU"C:\Program Files\Reference Assemblies\Microsoft\Framework\.NETFramework\v4.0\UIAutomationProvider.dll" /FU"C:\Program Files\Reference Assemblies\Microsoft\Framework\.NETFramework\v4.0\WindowsBase.dll" /FU"C:\Program Files\Reference Assemblies\Microsoft\Framework\.NETFramework\v4.0\WindowsFormsIntegration.dll" /analyze- /errorReport:prompt /clr:nostdlib stdafx.cpp
         stdafx.cpp
         C:\Program Files\Microsoft Visual Studio 11.0\VC\bin\CL.exe /c /AI"C:\Program Files\Reference Assemblies\Microsoft\Framework\.NETFramework\v4.0" /AI"C:\Program Files\Windows Kits\8.0\References\CommonConfiguration\Neutral" /AI"F:\Meijin4\C++\Azuki-1.7.11-bin" /Zi /clr:pure /nologo /W3 /WX- /O1 /Os /Oy- /D WIN32 /D _DEBUG /D _UNICODE /D UNICODE /EHa /MDd /GS /fp:precise /Zc:wchar_t /Zc:forScope /Yu"stdafx.h" /Fp"Debug\MogiMeijin.pch" /Fo"Debug\\" /Fd"Debug\vc110.pdb" /TP /FU"F:\Meijin4\C++\Azuki-1.7.11-bin\Azuki.dll" /FU"F:\Meijin4\C++\Azuki-1.7.11-bin\Azuki.dll" /FU"C:\Program Files\Reference Assemblies\Microsoft\Framework\.NETFramework\v4.0\Microsoft.VisualBasic.dll" /FU"C:\Program Files\Reference Assemblies\Microsoft\VBPowerPacks\v10.0\Microsoft.VisualBasic.PowerPacks.Vs.dll" /FU"C:\Program Files\Reference Assemblies\Microsoft\Framework\.NETFramework\v4.0\mscorlib.dll" /FU"C:\Program Files\Reference Assemblies\Microsoft\Framework\.NETFramework\v4.0\PresentationCore.dll" /FU"C:\Program Files\Reference Assemblies\Microsoft\Framework\.NETFramework\v4.0\PresentationFramework.dll" /FU"C:\Program Files\Reference Assemblies\Microsoft\Framework\.NETFramework\v4.0\System.Configuration.Install.dll" /FU"C:\Program Files\Reference Assemblies\Microsoft\Framework\.NETFramework\v4.0\System.Data.dll" /FU"C:\Program Files\Reference Assemblies\Microsoft\Framework\.NETFramework\v4.0\System.dll" /FU"C:\Program Files\Reference Assemblies\Microsoft\Framework\.NETFramework\v4.0\System.Drawing.dll" /FU"C:\Program Files\Reference Assemblies\Microsoft\Framework\.NETFramework\v4.0\System.Windows.Forms.dll" /FU"C:\Program Files\Reference Assemblies\Microsoft\Framework\.NETFramework\v4.0\System.Xaml.dll" /FU"C:\Program Files\Reference Assemblies\Microsoft\Framework\.NETFramework\v4.0\System.Xml.dll" /FU"C:\Program Files\Reference Assemblies\Microsoft\Framework\.NETFramework\v4.0\UIAutomationProvider.dll" /FU"C:\Program Files\Reference Assemblies\Microsoft\Framework\.NETFramework\v4.0\WindowsBase.dll" /FU"C:\Program Files\Reference Assemblies\Microsoft\Framework\.NETFramework\v4.0\WindowsFormsIntegration.dll" /analyze- /errorReport:prompt /clr:nostdlib AssemblyInfo.cpp MogiMeijin.cpp MogiTest.cpp QBuild.cpp QMarking.cpp Sprash.cpp
         AssemblyInfo.cpp
         MogiMeijin.cpp
         MogiTest.cpp
         QBuild.cpp
         QMarking.cpp
         Sprash.cpp
         コードを生成中...
       Link:
         C:\Program Files\Microsoft Visual Studio 11.0\VC\bin\link.exe /ERRORREPORT:PROMPT /OUT:"F:\Meijin4\C++\Mogitter\Debug\MogiMeijin.exe" /INCREMENTAL /NOLOGO /ASSEMBLYRESOURCE:Debug\Mogitter.Form1.resources /ASSEMBLYRESOURCE:Debug\Mogitter.MogiTest.resources /ASSEMBLYRESOURCE:Debug\Mogitter.QBuild.resources /ASSEMBLYRESOURCE:Debug\Mogitter.QMarking.resources /ASSEMBLYRESOURCE:Debug\Mogitter.Sprash.resources /MANIFEST /MANIFESTUAC:"level='asInvoker' uiAccess='false'" /manifest:embed /DEBUG /PDB:"F:\Meijin4\C++\Mogitter\Debug\MogiMeijin.pdb" /ASSEMBLYDEBUG /SUBSYSTEM:WINDOWS /TLBID:1 /ENTRY:"main" /DYNAMICBASE /FIXED:NO /NXCOMPAT /MACHINE:X86 /SAFESEH Debug\app.res
         Debug\AssemblyInfo.obj
         Debug\MogiTest.obj
         Debug\MogiMeijin.obj
         Debug\QBuild.obj
         Debug\QMarking.obj
         Debug\Sprash.obj
         Debug\stdafx.obj
         "Debug\.NETFramework,Version=v4.0.AssemblyAttributes.obj"
         Mogitter.vcxproj -> F:\Meijin4\C++\Mogitter\Debug\MogiMeijin.exe
     1>プロジェクト "F:\Meijin4\C++\Mogitter\Mogitter\Mogitter.vcxproj" (Build ターゲット) のビルドが完了しました。

ビルドに成功しました。

経過時間 00:05:34.26
