  Form1.cpp
  MogiMeijin.cpp
  Terminal.cpp
  コードを生成中...
  Microsoft (R) Incremental Linker Version 11.00.50727.1
  Copyright (C) Microsoft Corporation.  All rights reserved.
  
  "/OUT:F:\Meijin4\C++\Mogitter\Release\MogiMeijin.exe" "/VERSION:1" /INCREMENTAL:NO /ASSEMBLYRESOURCE:Release\Mogitter.Form1.resources /ASSEMBLYRESOURCE:Release\Mogitter.MogiTest.resources /ASSEMBLYRESOURCE:Release\Mogitter.QBuild.resources /ASSEMBLYRESOURCE:Release\Mogitter.QMarking.resources /ASSEMBLYRESOURCE:Release\Mogitter.Sprash.resources /ASSEMBLYRESOURCE:Release\Mogitter.Terminal.resources /MANIFEST "/MANIFESTUAC:level='asInvoker' uiAccess='false'" /manifest:embed /DEBUG "/PDB:F:\Meijin4\C++\Mogitter\Release\MogiMeijin.pdb" /SUBSYSTEM:WINDOWS /OPT:REF /OPT:ICF /TLBID:1 "/ENTRY:main" /DYNAMICBASE /FIXED:NO /NXCOMPAT /MACHINE:X86 /SAFESEH Release\app.res 
  Release\AssemblyInfo.obj 
  Release\Form1.obj 
  Release\MogiTest.obj 
  Release\MogiMeijin.obj 
  Release\MyTools.obj 
  Release\QBuild.obj 
  Release\QMarking.obj 
  Release\ShareData.obj 
  Release\Sprash.obj 
  Release\stdafx.obj 
  Release\Terminal.obj 
  "Release\.NETFramework,Version=v4.0.AssemblyAttributes.obj" 
  Mogitter.vcxproj -> F:\Meijin4\C++\Mogitter\Release\MogiMeijin.exe
