F:\Meijin4\C++\Mogitter\Release\AutoItX3.Assembly.dll
F:\Meijin4\C++\Mogitter\Release\Azuki.dll
F:\Meijin4\C++\Mogitter\Release\Microsoft.VisualBasic.dll
F:\Meijin4\C++\Mogitter\Release\Microsoft.VisualBasic.PowerPacks.Vs.dll
F:\Meijin4\C++\Mogitter\Release\AutoItX3.Assembly.xml
F:\Meijin4\C++\Mogitter\Release\Azuki.xml
F:\Meijin4\C++\Mogitter\Release\ja\Microsoft.VisualBasic.PowerPacks.Vs.resources.dll
F:\Meijin4\C++\Mogitter\Mogitter\Release\Mogitter.Form1.resources
F:\Meijin4\C++\Mogitter\Mogitter\Release\Mogitter.MogiTest.resources
F:\Meijin4\C++\Mogitter\Mogitter\Release\Mogitter.QBuild.resources
F:\Meijin4\C++\Mogitter\Mogitter\Release\Mogitter.QMarking.resources
F:\Meijin4\C++\Mogitter\Mogitter\Release\Mogitter.Sprash.resources
F:\Meijin4\C++\Mogitter\Mogitter\Release\Mogitter.Terminal.resources
F:\MEIJIN4\C++\MOGITTER\MOGITTER\RELEASE\METAGEN.WRITE.1.TLOG
F:\MEIJIN4\C++\MOGITTER\MOGITTER\RELEASE\MOGIMEIJIN.PCH
F:\MEIJIN4\C++\MOGITTER\MOGITTER\RELEASE\STDAFX.OBJ
F:\MEIJIN4\C++\MOGITTER\MOGITTER\RELEASE\VC110.PDB
F:\MEIJIN4\C++\MOGITTER\MOGITTER\RELEASE\TERMINAL.OBJ
F:\MEIJIN4\C++\MOGITTER\MOGITTER\RELEASE\SPRASH.OBJ
F:\MEIJIN4\C++\MOGITTER\MOGITTER\RELEASE\SHAREDATA.OBJ
F:\MEIJIN4\C++\MOGITTER\MOGITTER\RELEASE\QMARKING.OBJ
F:\MEIJIN4\C++\MOGITTER\MOGITTER\RELEASE\QBUILD.OBJ
F:\MEIJIN4\C++\MOGITTER\MOGITTER\RELEASE\MYTOOLS.OBJ
F:\MEIJIN4\C++\MOGITTER\MOGITTER\RELEASE\MOGIMEIJIN.OBJ
F:\MEIJIN4\C++\MOGITTER\MOGITTER\RELEASE\MOGITEST.OBJ
F:\MEIJIN4\C++\MOGITTER\MOGITTER\RELEASE\FORM1.OBJ
F:\MEIJIN4\C++\MOGITTER\MOGITTER\RELEASE\ASSEMBLYINFO.OBJ
F:\MEIJIN4\C++\MOGITTER\MOGITTER\RELEASE\.NETFRAMEWORK,VERSION=V4.0.ASSEMBLYATTRIBUTES.OBJ
F:\MEIJIN4\C++\MOGITTER\MOGITTER\RELEASE\APP.RES
F:\MEIJIN4\C++\MOGITTER\RELEASE\MOGIMEIJIN.EXE
F:\MEIJIN4\C++\MOGITTER\RELEASE\MOGIMEIJIN.PDB
F:\Meijin4\C++\Mogitter\Mogitter\Release\Mogitter.vcxprojResolveAssemblyReference.cache
F:\Meijin4\C++\Mogitter\Mogitter\Release\Mogitter.vcxproj.ResolveComReference.cache
F:\Meijin4\C++\Mogitter\Mogitter\Release\Mogitter.vcxproj.GenerateResource.Cache
F:\Meijin4\C++\Mogitter\Mogitter\Release\stdafx.obj
F:\Meijin4\C++\Mogitter\Mogitter\Release\Terminal.obj
F:\Meijin4\C++\Mogitter\Mogitter\Release\Sprash.obj
F:\Meijin4\C++\Mogitter\Mogitter\Release\ShareData.obj
F:\Meijin4\C++\Mogitter\Mogitter\Release\QMarking.obj
F:\Meijin4\C++\Mogitter\Mogitter\Release\QBuild.obj
F:\Meijin4\C++\Mogitter\Mogitter\Release\MyTools.obj
F:\Meijin4\C++\Mogitter\Mogitter\Release\MogiTest.obj
F:\Meijin4\C++\Mogitter\Mogitter\Release\MogiMeijin.obj
F:\Meijin4\C++\Mogitter\Mogitter\Release\Form1.obj
F:\Meijin4\C++\Mogitter\Mogitter\Release\AssemblyInfo.obj
F:\Meijin4\C++\Mogitter\Mogitter\Release\.NETFramework,Version=v4.0.AssemblyAttributes.obj
F:\Meijin4\C++\Mogitter\Mogitter\Release\MogiMeijin.write.1.tlog
F:\Meijin4\C++\Mogitter\Mogitter\Release\metagen.write.1.tlog
F:\Meijin4\C++\Mogitter\Mogitter\Release\CL.read.1.tlog
F:\Meijin4\C++\Mogitter\Mogitter\Release\CL.write.1.tlog
F:\Meijin4\C++\Mogitter\Mogitter\Release\cl.command.1.tlog
F:\Meijin4\C++\Mogitter\Mogitter\Release\metagen.read.1.tlog
F:\Meijin4\C++\Mogitter\Mogitter\Release\rc.read.1.tlog
F:\Meijin4\C++\Mogitter\Mogitter\Release\rc.write.1.tlog
F:\Meijin4\C++\Mogitter\Mogitter\Release\rc.command.1.tlog
F:\Meijin4\C++\Mogitter\Mogitter\Release\link-rc.read.1.tlog
F:\Meijin4\C++\Mogitter\Mogitter\Release\link-rc.write.1.tlog
F:\Meijin4\C++\Mogitter\Mogitter\Release\link-cvtres.read.1.tlog
F:\Meijin4\C++\Mogitter\Mogitter\Release\link-cvtres.write.1.tlog
F:\Meijin4\C++\Mogitter\Mogitter\Release\link.read.1.tlog
F:\Meijin4\C++\Mogitter\Mogitter\Release\link.write.1.tlog
F:\Meijin4\C++\Mogitter\Mogitter\Release\link.command.1.tlog
F:\Meijin4\C++\Mogitter\Mogitter\Release\app.res
F:\Meijin4\C++\Mogitter\Mogitter\Release\MogiMeijin.pch
F:\Meijin4\C++\Mogitter\Mogitter\Release\vc110.pdb
F:\Meijin4\C++\Mogitter\Mogitter\Release\AUTOITX3.ASSEMBLY.DLL.metagen
F:\Meijin4\C++\Mogitter\Mogitter\Release\AZUKI.DLL.metagen
F:\Meijin4\C++\Mogitter\Mogitter\Release\MICROSOFT.VISUALBASIC.POWERPACKS.VS.DLL.metagen
F:\Meijin4\C++\Mogitter\Mogitter\Release\INTEROP.AUTOITX3LIB.1.0.DLL.metagen
F:\Meijin4\C++\Mogitter\Mogitter\Release\RSAENH.DLL.bi
F:\Meijin4\C++\Mogitter\Mogitter\Release\TZRES.DLL.bi
F:\Meijin4\C++\Mogitter\Release\MogiMeijin.pdb
F:\Meijin4\C++\Mogitter\Release\MogiMeijin.exe
