F:\MEIJIN4\C++\MOGITTER\DEBUG\MOGIMEIJIN.ILK
F:\MEIJIN4\C++\MOGITTER\DEBUG\MOGIMEIJIN.EXE
F:\MEIJIN4\C++\MOGITTER\DEBUG\MOGIMEIJIN.PDB
F:\Meijin4\C++\Mogitter\Debug\Azuki.dll
F:\Meijin4\C++\Mogitter\Debug\Azuki.xml
F:\Meijin4\C++\Mogitter\Mogitter\Debug\Mogitter.Form1.resources
F:\Meijin4\C++\Mogitter\Mogitter\Debug\Mogitter.MogiTest.resources
F:\Meijin4\C++\Mogitter\Mogitter\Debug\Mogitter.QBuild.resources
F:\Meijin4\C++\Mogitter\Mogitter\Debug\Mogitter.QMarking.resources
F:\Meijin4\C++\Mogitter\Mogitter\Debug\Mogitter.Sprash.resources
F:\MEIJIN4\C++\MOGITTER\MOGITTER\DEBUG\METAGEN.WRITE.1.TLOG
F:\MEIJIN4\C++\MOGITTER\MOGITTER\DEBUG\.NETFRAMEWORK,VERSION=V4.0.ASSEMBLYATTRIBUTES.OBJ
F:\MEIJIN4\C++\MOGITTER\MOGITTER\DEBUG\VC110.PDB
F:\MEIJIN4\C++\MOGITTER\MOGITTER\DEBUG\SPRASH.OBJ
F:\MEIJIN4\C++\MOGITTER\MOGITTER\DEBUG\QMARKING.OBJ
F:\MEIJIN4\C++\MOGITTER\MOGITTER\DEBUG\QBUILD.OBJ
F:\MEIJIN4\C++\MOGITTER\MOGITTER\DEBUG\MOGITEST.OBJ
F:\MEIJIN4\C++\MOGITTER\MOGITTER\DEBUG\MOGIMEIJIN.OBJ
F:\MEIJIN4\C++\MOGITTER\MOGITTER\DEBUG\ASSEMBLYINFO.OBJ
F:\MEIJIN4\C++\MOGITTER\MOGITTER\DEBUG\APP.RES
F:\Meijin4\C++\Mogitter\Mogitter\Debug\Mogitter.vcxprojResolveAssemblyReference.cache
F:\Meijin4\C++\Mogitter\Mogitter\Debug\Mogitter.vcxproj.GenerateResource.Cache
F:\Meijin4\C++\Mogitter\Mogitter\Debug\stdafx.obj
F:\Meijin4\C++\Mogitter\Mogitter\Debug\Sprash.obj
F:\Meijin4\C++\Mogitter\Mogitter\Debug\QMarking.obj
F:\Meijin4\C++\Mogitter\Mogitter\Debug\QBuild.obj
F:\Meijin4\C++\Mogitter\Mogitter\Debug\MogiMeijin.obj
F:\Meijin4\C++\Mogitter\Mogitter\Debug\MogiTest.obj
F:\Meijin4\C++\Mogitter\Mogitter\Debug\AssemblyInfo.obj
F:\Meijin4\C++\Mogitter\Mogitter\Debug\.NETFramework,Version=v4.0.AssemblyAttributes.obj
F:\Meijin4\C++\Mogitter\Mogitter\Debug\link.3292.write.1.tlog
F:\Meijin4\C++\Mogitter\Mogitter\Debug\link.read.1.tlog
F:\Meijin4\C++\Mogitter\Mogitter\Debug\link.write.1.tlog
F:\Meijin4\C++\Mogitter\Mogitter\Debug\link.command.1.tlog
F:\Meijin4\C++\Mogitter\Mogitter\Debug\link.3908-rc.read.1.tlog
F:\Meijin4\C++\Mogitter\Mogitter\Debug\link.2632-rc.read.1.tlog
F:\Meijin4\C++\Mogitter\Mogitter\Debug\link.2632-rc.write.1.tlog
F:\Meijin4\C++\Mogitter\Mogitter\Debug\link.2632-cvtres.read.1.tlog
F:\Meijin4\C++\Mogitter\Mogitter\Debug\link.2632-cvtres.write.1.tlog
F:\Meijin4\C++\Mogitter\Mogitter\Debug\link.2632.read.1.tlog
F:\Meijin4\C++\Mogitter\Mogitter\Debug\link.2632.write.1.tlog
F:\Meijin4\C++\Mogitter\Mogitter\Debug\link.1708-rc.read.1.tlog
F:\Meijin4\C++\Mogitter\Mogitter\Debug\link.1708-rc.write.1.tlog
F:\Meijin4\C++\Mogitter\Mogitter\Debug\link.1708-cvtres.read.1.tlog
F:\Meijin4\C++\Mogitter\Mogitter\Debug\link.1708-cvtres.write.1.tlog
F:\Meijin4\C++\Mogitter\Mogitter\Debug\link.1708.read.1.tlog
F:\Meijin4\C++\Mogitter\Mogitter\Debug\link.1708.write.1.tlog
F:\Meijin4\C++\Mogitter\Mogitter\Debug\link.1968-rc.read.1.tlog
F:\Meijin4\C++\Mogitter\Mogitter\Debug\link.1968-rc.write.1.tlog
F:\Meijin4\C++\Mogitter\Mogitter\Debug\link.1968-cvtres.read.1.tlog
F:\Meijin4\C++\Mogitter\Mogitter\Debug\link.1968-cvtres.write.1.tlog
F:\Meijin4\C++\Mogitter\Mogitter\Debug\link.1968.read.1.tlog
F:\Meijin4\C++\Mogitter\Mogitter\Debug\link.1968.write.1.tlog
F:\Meijin4\C++\Mogitter\Mogitter\Debug\link.1932-rc.read.1.tlog
F:\Meijin4\C++\Mogitter\Mogitter\Debug\link.1932-rc.write.1.tlog
F:\Meijin4\C++\Mogitter\Mogitter\Debug\link.1932-cvtres.read.1.tlog
F:\Meijin4\C++\Mogitter\Mogitter\Debug\link.1932-cvtres.write.1.tlog
F:\Meijin4\C++\Mogitter\Mogitter\Debug\link.1932.read.1.tlog
F:\Meijin4\C++\Mogitter\Mogitter\Debug\link.1932.write.1.tlog
F:\Meijin4\C++\Mogitter\Mogitter\Debug\link.3232-rc.read.1.tlog
F:\Meijin4\C++\Mogitter\Mogitter\Debug\link.3232-rc.write.1.tlog
F:\Meijin4\C++\Mogitter\Mogitter\Debug\link.3232-cvtres.read.1.tlog
F:\Meijin4\C++\Mogitter\Mogitter\Debug\link.3232-cvtres.write.1.tlog
F:\Meijin4\C++\Mogitter\Mogitter\Debug\link.3232.read.1.tlog
F:\Meijin4\C++\Mogitter\Mogitter\Debug\link.3232.write.1.tlog
F:\Meijin4\C++\Mogitter\Mogitter\Debug\link.2268-rc.read.1.tlog
F:\Meijin4\C++\Mogitter\Mogitter\Debug\link.2268-rc.write.1.tlog
F:\Meijin4\C++\Mogitter\Mogitter\Debug\link.2268-cvtres.read.1.tlog
F:\Meijin4\C++\Mogitter\Mogitter\Debug\link.2268-cvtres.write.1.tlog
F:\Meijin4\C++\Mogitter\Mogitter\Debug\link.2268.read.1.tlog
F:\Meijin4\C++\Mogitter\Mogitter\Debug\link.2268.write.1.tlog
F:\Meijin4\C++\Mogitter\Mogitter\Debug\link.1124-rc.read.1.tlog
F:\Meijin4\C++\Mogitter\Mogitter\Debug\link.1124-rc.write.1.tlog
F:\Meijin4\C++\Mogitter\Mogitter\Debug\link.1124-cvtres.read.1.tlog
F:\Meijin4\C++\Mogitter\Mogitter\Debug\link.1124-cvtres.write.1.tlog
F:\Meijin4\C++\Mogitter\Mogitter\Debug\link.1124.read.1.tlog
F:\Meijin4\C++\Mogitter\Mogitter\Debug\link.1124.write.1.tlog
F:\Meijin4\C++\Mogitter\Mogitter\Debug\link.3544-rc.read.1.tlog
F:\Meijin4\C++\Mogitter\Mogitter\Debug\link.3544-rc.write.1.tlog
F:\Meijin4\C++\Mogitter\Mogitter\Debug\link.3544-cvtres.read.1.tlog
F:\Meijin4\C++\Mogitter\Mogitter\Debug\link.3544-cvtres.write.1.tlog
F:\Meijin4\C++\Mogitter\Mogitter\Debug\link.3544.read.1.tlog
F:\Meijin4\C++\Mogitter\Mogitter\Debug\link.3544.write.1.tlog
F:\Meijin4\C++\Mogitter\Mogitter\Debug\link.3692-rc.read.1.tlog
F:\Meijin4\C++\Mogitter\Mogitter\Debug\link.3692-rc.write.1.tlog
F:\Meijin4\C++\Mogitter\Mogitter\Debug\link.3692-cvtres.read.1.tlog
F:\Meijin4\C++\Mogitter\Mogitter\Debug\link.3692-cvtres.write.1.tlog
F:\Meijin4\C++\Mogitter\Mogitter\Debug\link.3692.read.1.tlog
F:\Meijin4\C++\Mogitter\Mogitter\Debug\link.3692.write.1.tlog
F:\Meijin4\C++\Mogitter\Mogitter\Debug\link.280-rc.read.1.tlog
F:\Meijin4\C++\Mogitter\Mogitter\Debug\link.280-rc.write.1.tlog
F:\Meijin4\C++\Mogitter\Mogitter\Debug\link.280-cvtres.read.1.tlog
F:\Meijin4\C++\Mogitter\Mogitter\Debug\link.280-cvtres.write.1.tlog
F:\Meijin4\C++\Mogitter\Mogitter\Debug\link.280.read.1.tlog
F:\Meijin4\C++\Mogitter\Mogitter\Debug\link.280.write.1.tlog
F:\Meijin4\C++\Mogitter\Mogitter\Debug\link.836-rc.read.1.tlog
F:\Meijin4\C++\Mogitter\Mogitter\Debug\link.836-rc.write.1.tlog
F:\Meijin4\C++\Mogitter\Mogitter\Debug\link.836-cvtres.read.1.tlog
F:\Meijin4\C++\Mogitter\Mogitter\Debug\link.836-cvtres.write.1.tlog
F:\Meijin4\C++\Mogitter\Mogitter\Debug\link.836.read.1.tlog
F:\Meijin4\C++\Mogitter\Mogitter\Debug\link.836.write.1.tlog
F:\Meijin4\C++\Mogitter\Mogitter\Debug\link.3208-rc.read.1.tlog
F:\Meijin4\C++\Mogitter\Mogitter\Debug\link.3208-rc.write.1.tlog
F:\Meijin4\C++\Mogitter\Mogitter\Debug\link.3208-cvtres.read.1.tlog
F:\Meijin4\C++\Mogitter\Mogitter\Debug\MogiMeijin.write.1.tlog
F:\Meijin4\C++\Mogitter\Mogitter\Debug\metagen.write.1.tlog
F:\Meijin4\C++\Mogitter\Mogitter\Debug\link.3908-rc.write.1.tlog
F:\Meijin4\C++\Mogitter\Mogitter\Debug\CL.read.1.tlog
F:\Meijin4\C++\Mogitter\Mogitter\Debug\CL.write.1.tlog
F:\Meijin4\C++\Mogitter\Mogitter\Debug\cl.command.1.tlog
F:\Meijin4\C++\Mogitter\Mogitter\Debug\metagen.read.1.tlog
F:\Meijin4\C++\Mogitter\Mogitter\Debug\link.3208-cvtres.write.1.tlog
F:\Meijin4\C++\Mogitter\Mogitter\Debug\link.3208.read.1.tlog
F:\Meijin4\C++\Mogitter\Mogitter\Debug\rc.write.1.tlog
F:\Meijin4\C++\Mogitter\Mogitter\Debug\rc.command.1.tlog
F:\Meijin4\C++\Mogitter\Mogitter\Debug\link.3292-rc.read.1.tlog
F:\Meijin4\C++\Mogitter\Mogitter\Debug\link.3292-rc.write.1.tlog
F:\Meijin4\C++\Mogitter\Mogitter\Debug\link.3292-cvtres.read.1.tlog
F:\Meijin4\C++\Mogitter\Mogitter\Debug\link.3292-cvtres.write.1.tlog
F:\Meijin4\C++\Mogitter\Mogitter\Debug\link.3292.read.1.tlog
F:\Meijin4\C++\Mogitter\Mogitter\Debug\link.3208.write.1.tlog
F:\Meijin4\C++\Mogitter\Mogitter\Debug\link.3908-cvtres.read.1.tlog
F:\Meijin4\C++\Mogitter\Mogitter\Debug\link.1520-rc.read.1.tlog
F:\Meijin4\C++\Mogitter\Mogitter\Debug\link.1520-rc.write.1.tlog
F:\Meijin4\C++\Mogitter\Mogitter\Debug\link.1520-cvtres.read.1.tlog
F:\Meijin4\C++\Mogitter\Mogitter\Debug\link.1520-cvtres.write.1.tlog
F:\Meijin4\C++\Mogitter\Mogitter\Debug\link.1520.read.1.tlog
F:\Meijin4\C++\Mogitter\Mogitter\Debug\link.1520.write.1.tlog
F:\Meijin4\C++\Mogitter\Mogitter\Debug\link.3908-cvtres.write.1.tlog
F:\Meijin4\C++\Mogitter\Mogitter\Debug\link.3816-rc.read.1.tlog
F:\Meijin4\C++\Mogitter\Mogitter\Debug\link.3816-rc.write.1.tlog
F:\Meijin4\C++\Mogitter\Mogitter\Debug\link.3816-cvtres.read.1.tlog
F:\Meijin4\C++\Mogitter\Mogitter\Debug\link.3816-cvtres.write.1.tlog
F:\Meijin4\C++\Mogitter\Mogitter\Debug\link.3816.read.1.tlog
F:\Meijin4\C++\Mogitter\Mogitter\Debug\link.3816.write.1.tlog
F:\Meijin4\C++\Mogitter\Mogitter\Debug\link.3908.read.1.tlog
F:\Meijin4\C++\Mogitter\Mogitter\Debug\link.1748-rc.read.1.tlog
F:\Meijin4\C++\Mogitter\Mogitter\Debug\link.1748-rc.write.1.tlog
F:\Meijin4\C++\Mogitter\Mogitter\Debug\link.1748-cvtres.read.1.tlog
F:\Meijin4\C++\Mogitter\Mogitter\Debug\link.1748-cvtres.write.1.tlog
F:\Meijin4\C++\Mogitter\Mogitter\Debug\link.1748.read.1.tlog
F:\Meijin4\C++\Mogitter\Mogitter\Debug\link.1748.write.1.tlog
F:\Meijin4\C++\Mogitter\Mogitter\Debug\link.3908.write.1.tlog
F:\Meijin4\C++\Mogitter\Mogitter\Debug\link.3960-rc.read.1.tlog
F:\Meijin4\C++\Mogitter\Mogitter\Debug\link.3960-rc.write.1.tlog
F:\Meijin4\C++\Mogitter\Mogitter\Debug\link.3960-cvtres.read.1.tlog
F:\Meijin4\C++\Mogitter\Mogitter\Debug\link.3960-cvtres.write.1.tlog
F:\Meijin4\C++\Mogitter\Mogitter\Debug\link.3960.read.1.tlog
F:\Meijin4\C++\Mogitter\Mogitter\Debug\link.3960.write.1.tlog
F:\Meijin4\C++\Mogitter\Mogitter\Debug\link.284-rc.read.1.tlog
F:\Meijin4\C++\Mogitter\Mogitter\Debug\link.2112-rc.read.1.tlog
F:\Meijin4\C++\Mogitter\Mogitter\Debug\link.2112-rc.write.1.tlog
F:\Meijin4\C++\Mogitter\Mogitter\Debug\link.2112-cvtres.read.1.tlog
F:\Meijin4\C++\Mogitter\Mogitter\Debug\link.2112-cvtres.write.1.tlog
F:\Meijin4\C++\Mogitter\Mogitter\Debug\link.2112.read.1.tlog
F:\Meijin4\C++\Mogitter\Mogitter\Debug\link.2112.write.1.tlog
F:\Meijin4\C++\Mogitter\Mogitter\Debug\link.3312-rc.read.1.tlog
F:\Meijin4\C++\Mogitter\Mogitter\Debug\link.284-rc.write.1.tlog
F:\Meijin4\C++\Mogitter\Mogitter\Debug\link.3312-rc.write.1.tlog
F:\Meijin4\C++\Mogitter\Mogitter\Debug\link.3312-cvtres.read.1.tlog
F:\Meijin4\C++\Mogitter\Mogitter\Debug\link.3312-cvtres.write.1.tlog
F:\Meijin4\C++\Mogitter\Mogitter\Debug\link.3312.read.1.tlog
F:\Meijin4\C++\Mogitter\Mogitter\Debug\link.3312.write.1.tlog
F:\Meijin4\C++\Mogitter\Mogitter\Debug\link.284-cvtres.read.1.tlog
F:\Meijin4\C++\Mogitter\Mogitter\Debug\link.1152-rc.read.1.tlog
F:\Meijin4\C++\Mogitter\Mogitter\Debug\link.1152-rc.write.1.tlog
F:\Meijin4\C++\Mogitter\Mogitter\Debug\link.1152-cvtres.read.1.tlog
F:\Meijin4\C++\Mogitter\Mogitter\Debug\link.1152-cvtres.write.1.tlog
F:\Meijin4\C++\Mogitter\Mogitter\Debug\link.1152.read.1.tlog
F:\Meijin4\C++\Mogitter\Mogitter\Debug\link.1152.write.1.tlog
F:\Meijin4\C++\Mogitter\Mogitter\Debug\link.284.read.1.tlog
F:\Meijin4\C++\Mogitter\Mogitter\Debug\link.2740-rc.read.1.tlog
F:\Meijin4\C++\Mogitter\Mogitter\Debug\link.2740-rc.write.1.tlog
F:\Meijin4\C++\Mogitter\Mogitter\Debug\link.2740-cvtres.read.1.tlog
F:\Meijin4\C++\Mogitter\Mogitter\Debug\link.2740-cvtres.write.1.tlog
F:\Meijin4\C++\Mogitter\Mogitter\Debug\link.2740.read.1.tlog
F:\Meijin4\C++\Mogitter\Mogitter\Debug\link.2740.write.1.tlog
F:\Meijin4\C++\Mogitter\Mogitter\Debug\link.284-cvtres.write.1.tlog
F:\Meijin4\C++\Mogitter\Mogitter\Debug\link.2152-rc.read.1.tlog
F:\Meijin4\C++\Mogitter\Mogitter\Debug\link.2152-rc.write.1.tlog
F:\Meijin4\C++\Mogitter\Mogitter\Debug\link.2152-cvtres.read.1.tlog
F:\Meijin4\C++\Mogitter\Mogitter\Debug\link.2152-cvtres.write.1.tlog
F:\Meijin4\C++\Mogitter\Mogitter\Debug\link.2152.read.1.tlog
F:\Meijin4\C++\Mogitter\Mogitter\Debug\link.2152.write.1.tlog
F:\Meijin4\C++\Mogitter\Mogitter\Debug\link.284.write.1.tlog
F:\Meijin4\C++\Mogitter\Mogitter\Debug\link.2028-rc.read.1.tlog
F:\Meijin4\C++\Mogitter\Mogitter\Debug\link.2028-rc.write.1.tlog
F:\Meijin4\C++\Mogitter\Mogitter\Debug\link.2028-cvtres.read.1.tlog
F:\Meijin4\C++\Mogitter\Mogitter\Debug\link.2028-cvtres.write.1.tlog
F:\Meijin4\C++\Mogitter\Mogitter\Debug\link.2028.read.1.tlog
F:\Meijin4\C++\Mogitter\Mogitter\Debug\link.2028.write.1.tlog
F:\Meijin4\C++\Mogitter\Mogitter\Debug\link.1568-rc.write.1.tlog
F:\Meijin4\C++\Mogitter\Mogitter\Debug\rc.read.1.tlog
F:\Meijin4\C++\Mogitter\Mogitter\Debug\link.2792-rc.read.1.tlog
F:\Meijin4\C++\Mogitter\Mogitter\Debug\link.2792-rc.write.1.tlog
F:\Meijin4\C++\Mogitter\Mogitter\Debug\link.2792-cvtres.read.1.tlog
F:\Meijin4\C++\Mogitter\Mogitter\Debug\link.2792-cvtres.write.1.tlog
F:\Meijin4\C++\Mogitter\Mogitter\Debug\link.2792.read.1.tlog
F:\Meijin4\C++\Mogitter\Mogitter\Debug\link.2792.write.1.tlog
F:\Meijin4\C++\Mogitter\Mogitter\Debug\link.1568-cvtres.read.1.tlog
F:\Meijin4\C++\Mogitter\Mogitter\Debug\link.3992-rc.read.1.tlog
F:\Meijin4\C++\Mogitter\Mogitter\Debug\link.3992-rc.write.1.tlog
F:\Meijin4\C++\Mogitter\Mogitter\Debug\link.3992-cvtres.read.1.tlog
F:\Meijin4\C++\Mogitter\Mogitter\Debug\link.3992-cvtres.write.1.tlog
F:\Meijin4\C++\Mogitter\Mogitter\Debug\link.3992.read.1.tlog
F:\Meijin4\C++\Mogitter\Mogitter\Debug\link.3992.write.1.tlog
F:\Meijin4\C++\Mogitter\Mogitter\Debug\link.1568-cvtres.write.1.tlog
F:\Meijin4\C++\Mogitter\Mogitter\Debug\link.2732-rc.read.1.tlog
F:\Meijin4\C++\Mogitter\Mogitter\Debug\link.2732-rc.write.1.tlog
F:\Meijin4\C++\Mogitter\Mogitter\Debug\link.2732-cvtres.read.1.tlog
F:\Meijin4\C++\Mogitter\Mogitter\Debug\link.2732-cvtres.write.1.tlog
F:\Meijin4\C++\Mogitter\Mogitter\Debug\link.2732.read.1.tlog
F:\Meijin4\C++\Mogitter\Mogitter\Debug\link.2732.write.1.tlog
F:\Meijin4\C++\Mogitter\Mogitter\Debug\link.1568.read.1.tlog
F:\Meijin4\C++\Mogitter\Mogitter\Debug\link.1568.write.1.tlog
F:\Meijin4\C++\Mogitter\Mogitter\Debug\link.2944-rc.read.1.tlog
F:\Meijin4\C++\Mogitter\Mogitter\Debug\link.2944-rc.write.1.tlog
F:\Meijin4\C++\Mogitter\Mogitter\Debug\link.2944-cvtres.read.1.tlog
F:\Meijin4\C++\Mogitter\Mogitter\Debug\link.2944-cvtres.write.1.tlog
F:\Meijin4\C++\Mogitter\Mogitter\Debug\link.2944.read.1.tlog
F:\Meijin4\C++\Mogitter\Mogitter\Debug\link.2944.write.1.tlog
F:\Meijin4\C++\Mogitter\Mogitter\Debug\link.2676-rc.read.1.tlog
F:\Meijin4\C++\Mogitter\Mogitter\Debug\link.2676-rc.write.1.tlog
F:\Meijin4\C++\Mogitter\Mogitter\Debug\link.884-rc.read.1.tlog
F:\Meijin4\C++\Mogitter\Mogitter\Debug\link.884-rc.write.1.tlog
F:\Meijin4\C++\Mogitter\Mogitter\Debug\link.940-rc.read.1.tlog
F:\Meijin4\C++\Mogitter\Mogitter\Debug\link.940-rc.write.1.tlog
F:\Meijin4\C++\Mogitter\Mogitter\Debug\link.940-cvtres.read.1.tlog
F:\Meijin4\C++\Mogitter\Mogitter\Debug\link.940-cvtres.write.1.tlog
F:\Meijin4\C++\Mogitter\Mogitter\Debug\link.940.read.1.tlog
F:\Meijin4\C++\Mogitter\Mogitter\Debug\link.940.write.1.tlog
F:\Meijin4\C++\Mogitter\Mogitter\Debug\link.1568-rc.read.1.tlog
F:\Meijin4\C++\Mogitter\Mogitter\Debug\link.2676-cvtres.read.1.tlog
F:\Meijin4\C++\Mogitter\Mogitter\Debug\link.2676-cvtres.write.1.tlog
F:\Meijin4\C++\Mogitter\Mogitter\Debug\link.2676.read.1.tlog
F:\Meijin4\C++\Mogitter\Mogitter\Debug\link.2676.write.1.tlog
F:\Meijin4\C++\Mogitter\Mogitter\Debug\link.884-cvtres.read.1.tlog
F:\Meijin4\C++\Mogitter\Mogitter\Debug\link.1320-rc.read.1.tlog
F:\Meijin4\C++\Mogitter\Mogitter\Debug\link.1320-rc.write.1.tlog
F:\Meijin4\C++\Mogitter\Mogitter\Debug\link.1320-cvtres.read.1.tlog
F:\Meijin4\C++\Mogitter\Mogitter\Debug\link.1320-cvtres.write.1.tlog
F:\Meijin4\C++\Mogitter\Mogitter\Debug\link.1320.read.1.tlog
F:\Meijin4\C++\Mogitter\Mogitter\Debug\link.1320.write.1.tlog
F:\Meijin4\C++\Mogitter\Mogitter\Debug\link.884-cvtres.write.1.tlog
F:\Meijin4\C++\Mogitter\Mogitter\Debug\link.884.read.1.tlog
F:\Meijin4\C++\Mogitter\Mogitter\Debug\link.3076-rc.read.1.tlog
F:\Meijin4\C++\Mogitter\Mogitter\Debug\link.3076-rc.write.1.tlog
F:\Meijin4\C++\Mogitter\Mogitter\Debug\link.3076-cvtres.read.1.tlog
F:\Meijin4\C++\Mogitter\Mogitter\Debug\link.3076-cvtres.write.1.tlog
F:\Meijin4\C++\Mogitter\Mogitter\Debug\link.3076.read.1.tlog
F:\Meijin4\C++\Mogitter\Mogitter\Debug\link.3076.write.1.tlog
F:\Meijin4\C++\Mogitter\Mogitter\Debug\link.884.write.1.tlog
F:\Meijin4\C++\Mogitter\Mogitter\Debug\link.3952-rc.read.1.tlog
F:\Meijin4\C++\Mogitter\Mogitter\Debug\link.3952-rc.write.1.tlog
F:\Meijin4\C++\Mogitter\Mogitter\Debug\link.3952-cvtres.read.1.tlog
F:\Meijin4\C++\Mogitter\Mogitter\Debug\link.3952-cvtres.write.1.tlog
F:\Meijin4\C++\Mogitter\Mogitter\Debug\link.3952.read.1.tlog
F:\Meijin4\C++\Mogitter\Mogitter\Debug\link.3952.write.1.tlog
F:\Meijin4\C++\Mogitter\Mogitter\Debug\link.3840-rc.read.1.tlog
F:\Meijin4\C++\Mogitter\Mogitter\Debug\link.3840-rc.write.1.tlog
F:\Meijin4\C++\Mogitter\Mogitter\Debug\link.2404-rc.read.1.tlog
F:\Meijin4\C++\Mogitter\Mogitter\Debug\link.2404-rc.write.1.tlog
F:\Meijin4\C++\Mogitter\Mogitter\Debug\link.2404-cvtres.read.1.tlog
F:\Meijin4\C++\Mogitter\Mogitter\Debug\link.2404-cvtres.write.1.tlog
F:\Meijin4\C++\Mogitter\Mogitter\Debug\link.2404.read.1.tlog
F:\Meijin4\C++\Mogitter\Mogitter\Debug\link.2404.write.1.tlog
F:\Meijin4\C++\Mogitter\Mogitter\Debug\link.3840-cvtres.read.1.tlog
F:\Meijin4\C++\Mogitter\Mogitter\Debug\link.3840-cvtres.write.1.tlog
F:\Meijin4\C++\Mogitter\Mogitter\Debug\link.3840.read.1.tlog
F:\Meijin4\C++\Mogitter\Mogitter\Debug\link.3840.write.1.tlog
F:\Meijin4\C++\Mogitter\Mogitter\Debug\link.3096-rc.read.1.tlog
F:\Meijin4\C++\Mogitter\Mogitter\Debug\link.3096-rc.write.1.tlog
F:\Meijin4\C++\Mogitter\Mogitter\Debug\link.3096-cvtres.read.1.tlog
F:\Meijin4\C++\Mogitter\Mogitter\Debug\link.3096-cvtres.write.1.tlog
F:\Meijin4\C++\Mogitter\Mogitter\Debug\link.3096.read.1.tlog
F:\Meijin4\C++\Mogitter\Mogitter\Debug\link.3096.write.1.tlog
F:\Meijin4\C++\Mogitter\Mogitter\Debug\link.5336-rc.read.1.tlog
F:\Meijin4\C++\Mogitter\Mogitter\Debug\link.5336-rc.write.1.tlog
F:\Meijin4\C++\Mogitter\Mogitter\Debug\link.5336-cvtres.read.1.tlog
F:\Meijin4\C++\Mogitter\Mogitter\Debug\link.5336-cvtres.write.1.tlog
F:\Meijin4\C++\Mogitter\Mogitter\Debug\link.5336.read.1.tlog
F:\Meijin4\C++\Mogitter\Mogitter\Debug\link.5336.write.1.tlog
F:\Meijin4\C++\Mogitter\Mogitter\Debug\link.3772-rc.read.1.tlog
F:\Meijin4\C++\Mogitter\Mogitter\Debug\link.3772-rc.write.1.tlog
F:\Meijin4\C++\Mogitter\Mogitter\Debug\link.3772-cvtres.read.1.tlog
F:\Meijin4\C++\Mogitter\Mogitter\Debug\link.3772-cvtres.write.1.tlog
F:\Meijin4\C++\Mogitter\Mogitter\Debug\link.3772.read.1.tlog
F:\Meijin4\C++\Mogitter\Mogitter\Debug\link.3772.write.1.tlog
F:\Meijin4\C++\Mogitter\Mogitter\Debug\app.res
F:\Meijin4\C++\Mogitter\Mogitter\Debug\vc110.pdb
F:\Meijin4\C++\Mogitter\Mogitter\Debug\AZUKI.DLL.metagen
F:\Meijin4\C++\Mogitter\Mogitter\Debug\MICROSOFT.VISUALBASIC.POWERPACKS.VS.DLL.metagen
F:\Meijin4\C++\Mogitter\Mogitter\Debug\RSAENH.DLL.bi
F:\Meijin4\C++\Mogitter\Mogitter\Debug\TZRES.DLL.bi
F:\Meijin4\C++\Mogitter\Debug\MogiMeijin.pdb
F:\Meijin4\C++\Mogitter\Debug\MogiMeijin.exe
F:\Meijin4\C++\Mogitter\Debug\MogiMeijin.ilk
