F:\MEIJIN4\C++\MOGITTER\DEBUG\MOGITTER.ILK
F:\MEIJIN4\C++\MOGITTER\DEBUG\MOGITTER.EXE
F:\MEIJIN4\C++\MOGITTER\DEBUG\MOGITTER.PDB
F:\MEIJIN4\C++\MOGITTER\MOGITTER\DEBUG\METAGEN.WRITE.1.TLOG
F:\MEIJIN4\C++\MOGITTER\MOGITTER\DEBUG\MOGITTER.PCH
F:\MEIJIN4\C++\MOGITTER\MOGITTER\DEBUG\STDAFX.OBJ
F:\MEIJIN4\C++\MOGITTER\MOGITTER\DEBUG\VC110.PDB
F:\MEIJIN4\C++\MOGITTER\MOGITTER\DEBUG\SPRASH.OBJ
F:\MEIJIN4\C++\MOGITTER\MOGITTER\DEBUG\QMARKING.OBJ
F:\MEIJIN4\C++\MOGITTER\MOGITTER\DEBUG\QBUILD.OBJ
F:\MEIJIN4\C++\MOGITTER\MOGITTER\DEBUG\MOGITTER.OBJ
F:\MEIJIN4\C++\MOGITTER\MOGITTER\DEBUG\MOGITEST.OBJ
F:\MEIJIN4\C++\MOGITTER\MOGITTER\DEBUG\ASSEMBLYINFO.OBJ
F:\MEIJIN4\C++\MOGITTER\MOGITTER\DEBUG\.NETFRAMEWORK,VERSION=V4.0.ASSEMBLYATTRIBUTES.OBJ
F:\Meijin4\C++\Mogitter\Mogitter\Debug\Mogitter.Form1.resources
F:\Meijin4\C++\Mogitter\Mogitter\Debug\Mogitter.MogiTest.resources
F:\Meijin4\C++\Mogitter\Mogitter\Debug\Mogitter.QBuild.resources
F:\Meijin4\C++\Mogitter\Mogitter\Debug\Mogitter.QMarking.resources
F:\Meijin4\C++\Mogitter\Mogitter\Debug\Mogitter.Sprash.resources
F:\MEIJIN4\C++\MOGITTER\MOGITTER\DEBUG\APP.RES
F:\Meijin4\C++\Mogitter\Mogitter\Debug\Mogitter.vcxprojResolveAssemblyReference.cache
F:\Meijin4\C++\Mogitter\Mogitter\Debug\Mogitter.vcxproj.GenerateResource.Cache
F:\Meijin4\C++\Mogitter\Mogitter\Debug\stdafx.obj
F:\Meijin4\C++\Mogitter\Mogitter\Debug\Sprash.obj
F:\Meijin4\C++\Mogitter\Mogitter\Debug\QMarking.obj
F:\Meijin4\C++\Mogitter\Mogitter\Debug\QBuild.obj
F:\Meijin4\C++\Mogitter\Mogitter\Debug\Mogitter.obj
F:\Meijin4\C++\Mogitter\Mogitter\Debug\MogiTest.obj
F:\Meijin4\C++\Mogitter\Mogitter\Debug\AssemblyInfo.obj
F:\Meijin4\C++\Mogitter\Mogitter\Debug\.NETFramework,Version=v4.0.AssemblyAttributes.obj
F:\Meijin4\C++\Mogitter\Mogitter\Debug\link.344-cvtres.write.1.tlog
F:\Meijin4\C++\Mogitter\Mogitter\Debug\link.344.read.1.tlog
F:\Meijin4\C++\Mogitter\Mogitter\Debug\link.344.write.1.tlog
F:\Meijin4\C++\Mogitter\Mogitter\Debug\link.read.1.tlog
F:\Meijin4\C++\Mogitter\Mogitter\Debug\link.write.1.tlog
F:\Meijin4\C++\Mogitter\Mogitter\Debug\link.command.1.tlog
F:\Meijin4\C++\Mogitter\Mogitter\Debug\link.3864-rc.read.1.tlog
F:\Meijin4\C++\Mogitter\Mogitter\Debug\link.3864-rc.write.1.tlog
F:\Meijin4\C++\Mogitter\Mogitter\Debug\link.3864-cvtres.read.1.tlog
F:\Meijin4\C++\Mogitter\Mogitter\Debug\link.3864-cvtres.write.1.tlog
F:\Meijin4\C++\Mogitter\Mogitter\Debug\link.3864.read.1.tlog
F:\Meijin4\C++\Mogitter\Mogitter\Debug\link.3864.write.1.tlog
F:\Meijin4\C++\Mogitter\Mogitter\Debug\metagen.write.1.tlog
F:\Meijin4\C++\Mogitter\Mogitter\Debug\CL.read.1.tlog
F:\Meijin4\C++\Mogitter\Mogitter\Debug\CL.write.1.tlog
F:\Meijin4\C++\Mogitter\Mogitter\Debug\cl.command.1.tlog
F:\Meijin4\C++\Mogitter\Mogitter\Debug\Mogitter.write.1.tlog
F:\Meijin4\C++\Mogitter\Mogitter\Debug\metagen.read.1.tlog
F:\Meijin4\C++\Mogitter\Mogitter\Debug\rc.read.1.tlog
F:\Meijin4\C++\Mogitter\Mogitter\Debug\rc.write.1.tlog
F:\Meijin4\C++\Mogitter\Mogitter\Debug\rc.command.1.tlog
F:\Meijin4\C++\Mogitter\Mogitter\Debug\link.344-rc.read.1.tlog
F:\Meijin4\C++\Mogitter\Mogitter\Debug\link.344-rc.write.1.tlog
F:\Meijin4\C++\Mogitter\Mogitter\Debug\link.344-cvtres.read.1.tlog
F:\Meijin4\C++\Mogitter\Mogitter\Debug\app.res
F:\Meijin4\C++\Mogitter\Mogitter\Debug\Mogitter.pch
F:\Meijin4\C++\Mogitter\Mogitter\Debug\vc110.pdb
F:\Meijin4\C++\Mogitter\Mogitter\Debug\AZUKI.DLL.metagen
F:\Meijin4\C++\Mogitter\Mogitter\Debug\RSAENH.DLL.bi
F:\Meijin4\C++\Mogitter\Mogitter\Debug\TZRES.DLL.bi
F:\Meijin4\C++\Mogitter\Debug\Mogitter.pdb
F:\Meijin4\C++\Mogitter\Debug\Mogitter.exe
F:\Meijin4\C++\Mogitter\Debug\Mogitter.ilk
